This is pdfTeXk, Version 3.141592-1.40.3 (Web2C 7.5.6) (format=mex 2008.11.19)  12 DEC 2008 09:52
entering extended mode
 %&-line parsing enabled.
**fits_write_image.c mfitsio.c -lcfitsio -I/usr/local/include
(./fits_write_image.c
This is MeX  Version 1.05  18 XII 1993  (B. Jackowski & M. Ry\'cko)
! Missing $ inserted.
<inserted text> 
                $
<to be read again> 
                   _
l.2  * File:        fits_
                         write_image.c
? ^^X
Type <return> to proceed, S to scroll future error messages,
R to run without stopping, Q to run quietly,
I to insert something, E to edit your file,
1 or ... or 9 to ignore the next 1 to 9 tokens of input,
H for help, X to quit.
? 
! Emergency stop.
<inserted text> 
                $
<to be read again> 
                   _
l.2  * File:        fits_
                         write_image.c
End of file on the terminal!

No pages of output.
